25-Feb-25 18:10:58 - render - INFO - Checkpoint coordinates : (400.0, 200.0)
25-Feb-25 18:10:58 - render - INFO - Boat angles : -155.97400525217105 -155.97400525217105
25-Feb-25 18:10:58 - render - INFO - Boat coordinates : (332.26806640625, 109.64478302001953)
25-Feb-25 18:10:59 - render - INFO - Checkpoint coordinates : (400.0, 200.0)
25-Feb-25 18:10:59 - render - INFO - Boat angles : -145.16295934812993 -145.16295934812993
25-Feb-25 18:10:59 - render - INFO - Boat coordinates : (333.1080322265625, 109.46107482910156)
25-Feb-25 18:10:59 - render - INFO - Checkpoint coordinates : (400.0, 200.0)
25-Feb-25 18:10:59 - render - INFO - Boat angles : -134.77399730728627 -134.77399730728627
25-Feb-25 18:10:59 - render - INFO - Boat coordinates : (335.30687713623047, 109.0146713256836)
25-Feb-25 18:10:59 - render - INFO - Checkpoint coordinates : (400.0, 200.0)
25-Feb-25 18:10:59 - render - INFO - Boat angles : -124.7740309833636 -124.7740309833636
25-Feb-25 18:10:59 - render - INFO - Boat coordinates : (339.5174255371094, 108.2551040649414)
25-Feb-25 18:10:59 - render - INFO - Checkpoint coordinates : (400.0, 200.0)
25-Feb-25 18:10:59 - render - INFO - Boat angles : -115.1150252514063 -115.1150252514063
25-Feb-25 18:10:59 - render - INFO - Boat coordinates : (345.930419921875, 107.2812271118164)
25-Feb-25 18:10:59 - render - INFO - Checkpoint coordinates : (400.0, 200.0)
25-Feb-25 18:10:59 - render - INFO - Boat angles : -105.73583167165032 -105.73583167165032
25-Feb-25 18:10:59 - render - INFO - Boat coordinates : (354.1409721374512, 106.30738067626953)
25-Feb-25 18:10:59 - render - INFO - Checkpoint coordinates : (400.0, 200.0)
25-Feb-25 18:10:59 - render - INFO - Boat angles : -107.81456078104644 -107.81456078104644
25-Feb-25 18:10:59 - render - INFO - Boat coordinates : (363.38538360595703, 105.54971313476562)
25-Feb-25 18:10:59 - render - INFO - Checkpoint coordinates : (400.0, 200.0)
25-Feb-25 18:10:59 - render - INFO - Boat angles : -109.89329055226911 -109.89329055226911
25-Feb-25 18:10:59 - render - INFO - Boat coordinates : (373.2118377685547, 105.10234069824219)
25-Feb-25 18:10:59 - render - INFO - Checkpoint coordinates : (400.0, 200.0)
25-Feb-25 18:10:59 - render - INFO - Boat angles : -111.97202004344248 -111.97202004344248
25-Feb-25 18:10:59 - render - INFO - Boat coordinates : (383.35194969177246, 105.00889587402344)
25-Feb-25 18:10:59 - render - INFO - Checkpoint coordinates : (400.0, 200.0)
25-Feb-25 18:10:59 - render - INFO - Boat angles : -114.05074841039055 -114.05074841039055
25-Feb-25 18:10:59 - render - INFO - Boat coordinates : (393.64165210723877, 105.28746032714844)
25-Feb-25 18:11:00 - render - INFO - Checkpoint coordinates : (400.0, 200.0)
25-Feb-25 18:11:00 - render - INFO - Boat angles : -116.1294768119075 -116.1294768119075
25-Feb-25 18:11:00 - render - INFO - Boat coordinates : (403.9762182235718, 105.9429931640625)
25-Feb-25 18:11:00 - render - INFO - Checkpoint coordinates : (400.0, 200.0)
25-Feb-25 18:11:00 - render - INFO - Boat angles : -118.20820624281721 -118.20820624281721
25-Feb-25 18:11:00 - render - INFO - Boat coordinates : (414.28475761413574, 106.9734115600586)
25-Feb-25 18:11:00 - render - INFO - Checkpoint coordinates : (400.0, 200.0)
25-Feb-25 18:11:00 - render - INFO - Boat angles : -120.28693555418711 -120.28693555418711
25-Feb-25 18:11:00 - render - INFO - Boat coordinates : (424.51579666137695, 108.37251281738281)
25-Feb-25 18:11:00 - render - INFO - Checkpoint coordinates : (400.0, 200.0)
25-Feb-25 18:11:00 - render - INFO - Boat angles : -122.36566650794657 -122.36566650794657
25-Feb-25 18:11:00 - render - INFO - Boat coordinates : (434.62916564941406, 110.13133239746094)
25-Feb-25 18:11:00 - render - INFO - Checkpoint coordinates : (400.0, 200.0)
25-Feb-25 18:11:00 - render - INFO - Boat angles : -124.44439639758073 -124.44439639758073
25-Feb-25 18:11:00 - render - INFO - Boat coordinates : (444.5914611816406, 112.23877716064453)
25-Feb-25 18:11:00 - render - INFO - Checkpoint coordinates : (400.0, 200.0)
25-Feb-25 18:11:00 - render - INFO - Boat angles : -126.52312268269286 -126.52312268269286
25-Feb-25 18:11:00 - render - INFO - Boat coordinates : (454.3735466003418, 114.68191528320312)
25-Feb-25 18:11:00 - render - INFO - Checkpoint coordinates : (400.0, 200.0)
25-Feb-25 18:11:00 - render - INFO - Boat angles : 96.39816482085783 -128.60185302221535
25-Feb-25 18:11:00 - render - INFO - Boat coordinates : (463.94918060302734, 117.44611358642578)
25-Feb-25 18:11:00 - render - INFO - Checkpoint coordinates : (400.0, 200.0)
25-Feb-25 18:11:00 - render - INFO - Boat angles : 94.31943530756958 -130.6805813957411
25-Feb-25 18:11:00 - render - INFO - Boat coordinates : (473.3773956298828, 120.54241180419922)
25-Feb-25 18:11:00 - render - INFO - Checkpoint coordinates : (400.0, 200.0)
25-Feb-25 18:11:00 - render - INFO - Boat angles : 92.24070601196989 -132.75931012452213
25-Feb-25 18:11:00 - render - INFO - Boat coordinates : (482.71825408935547, 123.99015808105469)
25-Feb-25 18:11:01 - render - INFO - Checkpoint coordinates : (400.0, 200.0)
25-Feb-25 18:11:01 - render - INFO - Boat angles : 90.1619769094698 -134.83803665930571
25-Feb-25 18:11:01 - render - INFO - Boat coordinates : (491.99302673339844, 127.80121612548828)
25-Feb-25 18:11:01 - render - INFO - Checkpoint coordinates : (400.0, 200.0)
25-Feb-25 18:11:01 - render - INFO - Boat angles : 88.08324753705554 -136.91676500374342
25-Feb-25 18:11:01 - render - INFO - Boat coordinates : (501.2013244628906, 131.98153686523438)
25-Feb-25 18:11:01 - render - INFO - Checkpoint coordinates : (400.0, 200.0)
25-Feb-25 18:11:01 - render - INFO - Boat angles : 86.00451814544103 -138.9954971100856
25-Feb-25 18:11:01 - render - INFO - Boat coordinates : (510.3308410644531, 136.5324478149414)
25-Feb-25 18:11:01 - render - INFO - Checkpoint coordinates : (400.0, 200.0)
25-Feb-25 18:11:01 - render - INFO - Boat angles : 83.92578846419434 -141.07422651365832
25-Feb-25 18:11:01 - render - INFO - Boat coordinates : (519.36279296875, 141.45155715942383)
25-Feb-25 18:11:01 - render - INFO - Checkpoint coordinates : (400.0, 200.0)
25-Feb-25 18:11:01 - render - INFO - Boat angles : 81.84706028572634 -143.15295685764394
25-Feb-25 18:11:01 - render - INFO - Boat coordinates : (528.2751007080078, 146.73340606689453)
25-Feb-25 18:11:01 - render - INFO - Checkpoint coordinates : (400.0, 200.0)
25-Feb-25 18:11:01 - render - INFO - Boat angles : 79.76833174693657 -145.23168580207707
25-Feb-25 18:11:01 - render - INFO - Boat coordinates : (537.044189453125, 152.3699073791504)
25-Feb-25 18:11:01 - render - INFO - Checkpoint coordinates : (400.0, 200.0)
25-Feb-25 18:11:01 - render - INFO - Boat angles : 77.68960316777076 -147.3104126005417
25-Feb-25 18:11:01 - render - INFO - Boat coordinates : (545.6460266113281, 158.35065841674805)
25-Feb-25 18:11:01 - render - INFO - Checkpoint coordinates : (400.0, 200.0)
25-Feb-25 18:11:01 - render - INFO - Boat angles : 75.61087366196429 -149.3891414276329
25-Feb-25 18:11:01 - render - INFO - Boat coordinates : (554.0568237304688, 164.66316986083984)
25-Feb-25 18:11:01 - render - INFO - Checkpoint coordinates : (400.0, 200.0)
25-Feb-25 18:11:01 - render - INFO - Boat angles : 73.53214331683685 -151.4678708276619
25-Feb-25 18:11:01 - render - INFO - Boat coordinates : (562.2534332275391, 171.29304313659668)
25-Feb-25 18:11:02 - render - INFO - Checkpoint coordinates : (400.0, 200.0)
25-Feb-25 18:11:02 - render - INFO - Boat angles : 71.45341468506301 -153.54659896492862
25-Feb-25 18:11:02 - render - INFO - Boat coordinates : (570.213623046875, 178.22410011291504)
25-Feb-25 18:11:02 - render - INFO - Checkpoint coordinates : (400.0, 200.0)
25-Feb-25 18:11:02 - render - INFO - Boat angles : 69.3746863691716 -155.62532904797195
25-Feb-25 18:11:02 - render - INFO - Boat coordinates : (577.9162902832031, 185.43852043151855)
25-Feb-25 18:11:02 - render - INFO - Checkpoint coordinates : (400.0, 200.0)
25-Feb-25 18:11:02 - render - INFO - Boat angles : 67.2959570894658 -157.70405781767533
25-Feb-25 18:11:02 - render - INFO - Boat coordinates : (585.3416442871094, 192.91695308685303)
25-Feb-25 18:11:02 - render - INFO - Checkpoint coordinates : (400.0, 200.0)
25-Feb-25 18:11:02 - render - INFO - Boat angles : 65.21722724548329 -159.78278776221367
25-Feb-25 18:11:02 - render - INFO - Boat coordinates : (592.4713134765625, 200.63863611221313)
25-Feb-25 18:11:02 - render - INFO - Checkpoint coordinates : (400.0, 200.0)
25-Feb-25 18:11:02 - render - INFO - Boat angles : 63.13849831340586 -161.86151664622548
25-Feb-25 18:11:02 - render - INFO - Boat coordinates : (599.2884521484375, 208.5815143585205)
25-Feb-25 18:11:02 - render - INFO - Checkpoint coordinates : (400.0, 200.0)
25-Feb-25 18:11:02 - render - INFO - Boat angles : 61.05976702659572 -163.94024599996538
25-Feb-25 18:11:02 - render - INFO - Boat coordinates : (605.7778472900391, 216.7223606109619)
25-Feb-25 18:11:02 - render - INFO - Checkpoint coordinates : (400.0, 200.0)
25-Feb-25 18:11:02 - render - INFO - Boat angles : 58.98103685645316 -166.01897482305864
25-Feb-25 18:11:02 - render - INFO - Boat coordinates : (611.926025390625, 225.0368995666504)
25-Feb-25 18:11:02 - render - INFO - Checkpoint coordinates : (400.0, 200.0)
25-Feb-25 18:11:02 - render - INFO - Boat angles : 56.90231068711282 -168.09770359568978
25-Feb-25 18:11:02 - render - INFO - Boat coordinates : (617.7212982177734, 233.49994277954102)
25-Feb-25 18:11:03 - render - INFO - Checkpoint coordinates : (400.0, 200.0)
25-Feb-25 18:11:03 - render - INFO - Boat angles : 54.82358270962147 -170.17643271482257
25-Feb-25 18:11:03 - render - INFO - Boat coordinates : (623.1538238525391, 242.08551788330078)
25-Feb-25 18:11:03 - render - INFO - Checkpoint coordinates : (400.0, 200.0)
25-Feb-25 18:11:03 - render - INFO - Boat angles : 52.74485258368658 -172.2551618923679
25-Feb-25 18:11:03 - render - INFO - Boat coordinates : (628.2156677246094, 250.76700592041016)
25-Feb-25 18:11:03 - render - INFO - Checkpoint coordinates : (400.0, 200.0)
25-Feb-25 18:11:03 - render - INFO - Boat angles : 50.6661227927566 -174.33389168723363
25-Feb-25 18:11:03 - render - INFO - Boat coordinates : (632.9008636474609, 259.5172805786133)
25-Feb-25 18:11:03 - render - INFO - Checkpoint coordinates : (400.0, 200.0)
25-Feb-25 18:11:03 - render - INFO - Boat angles : 48.587393282887795 -176.41262055461954
25-Feb-25 18:11:03 - render - INFO - Boat coordinates : (637.2054138183594, 268.30885314941406)
25-Feb-25 18:11:03 - render - INFO - Checkpoint coordinates : (400.0, 200.0)
25-Feb-25 18:11:03 - render - INFO - Boat angles : 46.508663533261974 -178.49134984203295
25-Feb-25 18:11:03 - render - INFO - Boat coordinates : (641.1273193359375, 277.11402130126953)
25-Feb-25 18:11:03 - render - INFO - Checkpoint coordinates : (400.0, 200.0)
25-Feb-25 18:11:03 - render - INFO - Boat angles : 44.42993414043297 179.42992105542393
25-Feb-25 18:11:03 - render - INFO - Boat coordinates : (644.6666107177734, 285.9050064086914)
25-Feb-25 18:11:03 - render - INFO - Checkpoint coordinates : (400.0, 200.0)
25-Feb-25 18:11:03 - render - INFO - Boat angles : 42.351205366118016 177.35119252495323
25-Feb-25 18:11:03 - render - INFO - Boat coordinates : (647.8253173828125, 294.65411376953125)
25-Feb-25 18:11:03 - render - INFO - Checkpoint coordinates : (400.0, 200.0)
25-Feb-25 18:11:03 - render - INFO - Boat angles : 40.2724760258097 175.2724633592841
25-Feb-25 18:11:03 - render - INFO - Boat coordinates : (650.6074829101562, 303.33385467529297)
25-Feb-25 18:11:03 - render - INFO - Checkpoint coordinates : (400.0, 200.0)
25-Feb-25 18:11:03 - render - INFO - Boat angles : 38.193747595177584 173.1937343075589
25-Feb-25 18:11:03 - render - INFO - Boat coordinates : (653.0191192626953, 311.9171142578125)
25-Feb-25 18:11:04 - render - INFO - Checkpoint coordinates : (400.0, 200.0)
25-Feb-25 18:11:04 - render - INFO - Boat angles : 36.115016946193315 171.11500579576554
25-Feb-25 18:11:04 - render - INFO - Boat coordinates : (655.0681915283203, 320.3772888183594)
25-Feb-25 18:11:04 - render - INFO - Checkpoint coordinates : (400.0, 200.0)
25-Feb-25 18:11:04 - render - INFO - Boat angles : 34.03628581947501 169.03627605110646
25-Feb-25 18:11:04 - render - INFO - Boat coordinates : (656.7645874023438, 328.68841552734375)
25-Feb-25 18:11:04 - render - INFO - Checkpoint coordinates : (400.0, 200.0)
25-Feb-25 18:11:04 - render - INFO - Boat angles : 31.957554723709393 166.95754766516637
25-Feb-25 18:11:04 - render - INFO - Boat coordinates : (658.1200561523438, 336.8253173828125)
25-Feb-25 18:11:04 - render - INFO - Checkpoint coordinates : (400.0, 200.0)
25-Feb-25 18:11:04 - render - INFO - Boat angles : 29.878827175371057 164.87881859226127
25-Feb-25 18:11:04 - render - INFO - Boat coordinates : (659.1481018066406, 344.76373291015625)
25-Feb-25 18:11:04 - render - INFO - Checkpoint coordinates : (400.0, 200.0)
25-Feb-25 18:11:04 - render - INFO - Boat angles : 27.8000963859238 162.80008958417906
25-Feb-25 18:11:04 - render - INFO - Boat coordinates : (659.8639831542969, 352.48045349121094)
